convert_detection.sh: 13: convert_detection.sh: .//build/tools/convert_dec_data: not found
convert_detection.sh: 21: convert_detection.sh: .//build/tools/convert_dec_data: not found
I0303 02:50:48.388437  8897 convert_dec_data.cpp:83] Shuffling data
I0303 02:50:51.134203  8897 convert_dec_data.cpp:86] A total of 101921 images.
I0303 02:50:51.192842  8897 db_lmdb.cpp:35] Opened lmdb /data1/wuliang/lmdb/yolo_train_voc_coco_112_lmdb-1
I0303 02:50:57.733377  8897 convert_dec_data.cpp:152] Processed 1000 files.
I0303 02:51:03.308957  8897 convert_dec_data.cpp:152] Processed 2000 files.
I0303 02:51:08.986140  8897 convert_dec_data.cpp:152] Processed 3000 files.
I0303 02:51:14.492734  8897 convert_dec_data.cpp:152] Processed 4000 files.
I0303 02:51:20.013885  8897 convert_dec_data.cpp:152] Processed 5000 files.
I0303 02:51:25.633621  8897 convert_dec_data.cpp:152] Processed 6000 files.
I0303 02:51:31.281133  8897 convert_dec_data.cpp:152] Processed 7000 files.
I0303 02:51:37.029063  8897 convert_dec_data.cpp:152] Processed 8000 files.
I0303 02:51:42.673099  8897 convert_dec_data.cpp:152] Processed 9000 files.
I0303 02:51:48.113749  8897 convert_dec_data.cpp:152] Processed 10000 files.
I0303 02:51:54.207784  8897 convert_dec_data.cpp:152] Processed 11000 files.
I0303 02:52:00.339745  8897 convert_dec_data.cpp:152] Processed 12000 files.
I0303 02:52:06.244418  8897 convert_dec_data.cpp:152] Processed 13000 files.
I0303 02:52:11.707113  8897 convert_dec_data.cpp:152] Processed 14000 files.
I0303 02:52:17.894924  8897 convert_dec_data.cpp:152] Processed 15000 files.
I0303 02:52:24.831677  8897 convert_dec_data.cpp:152] Processed 16000 files.
I0303 02:52:30.335692  8897 convert_dec_data.cpp:152] Processed 17000 files.
I0303 02:52:36.921030  8897 convert_dec_data.cpp:152] Processed 18000 files.
I0303 02:52:43.376022  8897 convert_dec_data.cpp:152] Processed 19000 files.
I0303 02:52:49.245697  8897 convert_dec_data.cpp:152] Processed 20000 files.
I0303 02:52:55.364758  8897 convert_dec_data.cpp:152] Processed 21000 files.
I0303 02:53:01.849175  8897 convert_dec_data.cpp:152] Processed 22000 files.
I0303 02:53:07.874287  8897 convert_dec_data.cpp:152] Processed 23000 files.
I0303 02:53:14.959139  8897 convert_dec_data.cpp:152] Processed 24000 files.
I0303 02:53:20.731353  8897 convert_dec_data.cpp:152] Processed 25000 files.
I0303 02:53:26.629691  8897 convert_dec_data.cpp:152] Processed 26000 files.
I0303 02:53:32.438761  8897 convert_dec_data.cpp:152] Processed 27000 files.
I0303 02:53:38.628132  8897 convert_dec_data.cpp:152] Processed 28000 files.
I0303 02:53:45.745784  8897 convert_dec_data.cpp:152] Processed 29000 files.
I0303 02:53:52.087574  8897 convert_dec_data.cpp:152] Processed 30000 files.
I0303 02:53:58.609803  8897 convert_dec_data.cpp:152] Processed 31000 files.
I0303 02:54:04.960047  8897 convert_dec_data.cpp:152] Processed 32000 files.
I0303 02:54:11.385121  8897 convert_dec_data.cpp:152] Processed 33000 files.
I0303 02:54:17.359014  8897 convert_dec_data.cpp:152] Processed 34000 files.
I0303 02:54:24.042883  8897 convert_dec_data.cpp:152] Processed 35000 files.
I0303 02:54:29.827332  8897 convert_dec_data.cpp:152] Processed 36000 files.
I0303 02:54:36.383785  8897 convert_dec_data.cpp:152] Processed 37000 files.
I0303 02:54:42.460907  8897 convert_dec_data.cpp:152] Processed 38000 files.
I0303 02:54:48.391027  8897 convert_dec_data.cpp:152] Processed 39000 files.
I0303 02:54:54.755425  8897 convert_dec_data.cpp:152] Processed 40000 files.
I0303 02:55:00.375759  8897 convert_dec_data.cpp:152] Processed 41000 files.
I0303 02:55:05.610019  8897 convert_dec_data.cpp:152] Processed 42000 files.
I0303 02:55:12.299160  8897 convert_dec_data.cpp:152] Processed 43000 files.
I0303 02:55:17.992822  8897 convert_dec_data.cpp:152] Processed 44000 files.
I0303 02:55:24.548810  8897 convert_dec_data.cpp:152] Processed 45000 files.
I0303 02:55:30.333859  8897 convert_dec_data.cpp:152] Processed 46000 files.
I0303 02:55:36.582876  8897 convert_dec_data.cpp:152] Processed 47000 files.
I0303 02:55:43.706046  8897 convert_dec_data.cpp:152] Processed 48000 files.
I0303 02:55:49.185474  8897 convert_dec_data.cpp:152] Processed 49000 files.
I0303 02:55:54.798065  8897 convert_dec_data.cpp:152] Processed 50000 files.
I0303 02:56:01.491606  8897 convert_dec_data.cpp:152] Processed 51000 files.
I0303 02:56:07.565290  8897 convert_dec_data.cpp:152] Processed 52000 files.
I0303 02:56:14.067351  8897 convert_dec_data.cpp:152] Processed 53000 files.
I0303 02:56:20.008352  8897 convert_dec_data.cpp:152] Processed 54000 files.
I0303 02:56:26.338896  8897 convert_dec_data.cpp:152] Processed 55000 files.
I0303 02:56:32.346093  8897 convert_dec_data.cpp:152] Processed 56000 files.
I0303 02:56:39.529898  8897 convert_dec_data.cpp:152] Processed 57000 files.
I0303 02:56:45.982177  8897 convert_dec_data.cpp:152] Processed 58000 files.
I0303 02:56:51.818723  8897 convert_dec_data.cpp:152] Processed 59000 files.
I0303 02:56:59.700865  8897 convert_dec_data.cpp:152] Processed 60000 files.
I0303 02:57:06.556730  8897 convert_dec_data.cpp:152] Processed 61000 files.
I0303 02:57:11.985139  8897 convert_dec_data.cpp:152] Processed 62000 files.
I0303 02:57:18.017065  8897 convert_dec_data.cpp:152] Processed 63000 files.
I0303 02:57:23.518100  8897 convert_dec_data.cpp:152] Processed 64000 files.
I0303 02:57:29.618136  8897 convert_dec_data.cpp:152] Processed 65000 files.
I0303 02:57:35.743168  8897 convert_dec_data.cpp:152] Processed 66000 files.
I0303 02:57:41.360842  8897 convert_dec_data.cpp:152] Processed 67000 files.
I0303 02:57:47.658532  8897 convert_dec_data.cpp:152] Processed 68000 files.
I0303 02:57:55.793547  8897 convert_dec_data.cpp:152] Processed 69000 files.
I0303 02:58:01.312643  8897 convert_dec_data.cpp:152] Processed 70000 files.
I0303 02:58:07.351122  8897 convert_dec_data.cpp:152] Processed 71000 files.
I0303 02:58:13.891137  8897 convert_dec_data.cpp:152] Processed 72000 files.
I0303 02:58:20.392168  8897 convert_dec_data.cpp:152] Processed 73000 files.
I0303 02:58:26.838887  8897 convert_dec_data.cpp:152] Processed 74000 files.
I0303 02:58:33.079437  8897 convert_dec_data.cpp:152] Processed 75000 files.
I0303 02:58:38.723860  8897 convert_dec_data.cpp:152] Processed 76000 files.
I0303 02:58:46.237445  8897 convert_dec_data.cpp:152] Processed 77000 files.
I0303 02:58:52.635088  8897 convert_dec_data.cpp:152] Processed 78000 files.
I0303 02:58:59.298951  8897 convert_dec_data.cpp:152] Processed 79000 files.
I0303 02:59:06.449813  8897 convert_dec_data.cpp:152] Processed 80000 files.
I0303 02:59:13.069949  8897 convert_dec_data.cpp:152] Processed 81000 files.
I0303 02:59:19.050062  8897 convert_dec_data.cpp:152] Processed 82000 files.
I0303 02:59:25.156334  8897 convert_dec_data.cpp:152] Processed 83000 files.
I0303 02:59:31.256983  8897 convert_dec_data.cpp:152] Processed 84000 files.
I0303 02:59:38.478956  8897 convert_dec_data.cpp:152] Processed 85000 files.
I0303 02:59:45.403861  8897 convert_dec_data.cpp:152] Processed 86000 files.
I0303 02:59:51.036939  8897 convert_dec_data.cpp:152] Processed 87000 files.
I0303 02:59:56.834950  8897 convert_dec_data.cpp:152] Processed 88000 files.
I0303 03:00:03.528548  8897 convert_dec_data.cpp:152] Processed 89000 files.
I0303 03:00:09.777453  8897 convert_dec_data.cpp:152] Processed 90000 files.
I0303 03:00:15.410804  8897 convert_dec_data.cpp:152] Processed 91000 files.
I0303 03:00:21.335592  8897 convert_dec_data.cpp:152] Processed 92000 files.
I0303 03:00:27.232478  8897 convert_dec_data.cpp:152] Processed 93000 files.
I0303 03:00:33.679296  8897 convert_dec_data.cpp:152] Processed 94000 files.
I0303 03:00:40.955714  8897 convert_dec_data.cpp:152] Processed 95000 files.
I0303 03:00:46.704612  8897 convert_dec_data.cpp:152] Processed 96000 files.
I0303 03:00:53.547073  8897 convert_dec_data.cpp:152] Processed 97000 files.
I0303 03:00:59.168768  8897 convert_dec_data.cpp:152] Processed 98000 files.
I0303 03:01:05.744848  8897 convert_dec_data.cpp:152] Processed 99000 files.
I0303 03:01:11.272728  8897 convert_dec_data.cpp:152] Processed 100000 files.
I0303 03:01:16.774044  8897 convert_dec_data.cpp:152] Processed 101000 files.
I0303 03:01:22.522004  8897 convert_dec_data.cpp:158] Processed 101921 files.
I0303 03:01:23.588668  8952 convert_dec_data.cpp:86] A total of 2007 images.
I0303 03:01:23.589371  8952 db_lmdb.cpp:35] Opened lmdb /data1/wuliang/lmdb/yolo_test_voc_coco_112_lmdb-1
I0303 03:01:27.890803  8952 convert_dec_data.cpp:152] Processed 1000 files.
I0303 03:01:31.268759  8952 convert_dec_data.cpp:152] Processed 2000 files.
I0303 03:01:31.358343  8952 convert_dec_data.cpp:158] Processed 2007 files.
